<?xml version="1.0" encoding="utf-8"?><testsuites><testsuite name="pytest" errors="0" failures="0" skipped="0" tests="5" time="0.067" timestamp="2021-09-16T00:47:44.155144" hostname="LAPTOP-INOOO4GF"><testcase classname="tests.test_supermarket.TestingSupermarket" name="test_can_calculate_total" time="0.001" /><testcase classname="tests.test_supermarket.TestingSupermarket" name="test_can_add_multiple_items" time="0.001" /><testcase classname="tests.test_supermarket.TestingSupermarket" name="test_can_add_discount_rules" time="0.001" /><testcase classname="tests.test_supermarket.TestingSupermarket" name="test_can_apply_discount" time="0.001" /><testcase classname="tests.test_supermarket.TestingSupermarket" name="test_exception_with_bad_item" time="0.001" /></testsuite></testsuites>