<?xml version="1.0" encoding="utf-8"?><testsuites><testsuite name="pytest" errors="0" failures="0" skipped="0" tests="0" time="0.252" timestamp="2021-09-15T17:35:33.343391" hostname="LAPTOP-INOOO4GF" /></testsuites>